2026-03-23T21:35:00Z ao-starter: healthy
2026-03-23T21:35:00Z launchapp-nextjs: healthy
2026-03-23T21:35:00Z launchapp-nuxt: healthy
2026-03-23T21:35:00Z launchapp-sveltekit: healthy
2026-03-23T21:35:00Z design-system: healthy
2026-03-23T21:35:00Z discord-bot-saas: healthy
2026-03-23T21:35:00Z launchapp-lite: healthy
2026-03-23T21:35:00Z saas-template-launch-app-test: healthy
2026-03-23T21:40:00Z ao-cli: healthy
2026-03-23T21:40:00Z brain: healthy
2026-03-23T21:40:00Z ao-docs: healthy
2026-03-23T21:40:00Z ao-skill-devops: healthy
2026-03-23T21:40:00Z ao-skill-security: healthy
2026-03-23T21:40:00Z ao-skill-testing: healthy
2026-03-23T21:40:00Z ao-starter: healthy
2026-03-23T21:40:00Z launchapp-nextjs: healthy
2026-03-23T21:40:00Z launchapp-nuxt: healthy
2026-03-23T21:40:00Z launchapp-sveltekit: healthy
2026-03-23T21:40:00Z design-system: healthy
2026-03-23T21:40:00Z discord-bot-saas: healthy
2026-03-23T21:40:00Z launchapp-lite: healthy
2026-03-23T21:40:00Z saas-template-launch-app-test: healthy
2026-03-23T21:45:00Z ao-cli: healthy
2026-03-23T21:45:00Z brain: healthy
2026-03-23T21:45:00Z ao-docs: healthy
2026-03-23T21:45:00Z ao-skill-devops: healthy
2026-03-23T21:45:00Z ao-skill-security: healthy
2026-03-23T21:45:00Z ao-skill-testing: healthy
2026-03-23T21:45:00Z ao-starter: healthy
2026-03-23T21:45:00Z launchapp-nextjs: healthy
2026-03-23T21:45:00Z launchapp-nuxt: healthy
2026-03-23T21:45:00Z launchapp-sveltekit: healthy
2026-03-23T21:45:00Z design-system: healthy
2026-03-23T21:45:00Z discord-bot-saas: healthy
2026-03-23T21:45:00Z launchapp-lite: healthy
2026-03-23T21:45:00Z saas-template-launch-app-test: healthy
2026-03-23T21:50:00Z ao-cli: healthy
2026-03-23T21:50:00Z brain: healthy
2026-03-23T21:50:00Z ao-docs: healthy
2026-03-23T21:50:00Z ao-skill-devops: healthy
2026-03-23T21:50:00Z ao-skill-security: healthy
2026-03-23T21:50:00Z ao-skill-testing: healthy
2026-03-23T21:50:00Z ao-starter: healthy
2026-03-23T21:50:00Z launchapp-nextjs: healthy
2026-03-23T21:50:00Z launchapp-nuxt: healthy
2026-03-23T21:50:00Z launchapp-sveltekit: healthy
2026-03-23T21:50:00Z design-system: healthy
2026-03-23T21:50:00Z discord-bot-saas: healthy
2026-03-23T21:50:00Z launchapp-lite: healthy
2026-03-23T21:50:00Z saas-template-launch-app-test: healthy
2026-03-23T21:55:00Z ao-cli: healthy
2026-03-23T21:55:00Z brain: healthy
2026-03-23T21:55:00Z ao-docs: healthy
2026-03-23T21:55:00Z ao-skill-devops: healthy
2026-03-23T21:55:00Z ao-skill-security: healthy
2026-03-23T21:55:00Z ao-skill-testing: healthy
2026-03-23T21:55:00Z ao-starter: healthy
2026-03-23T21:55:00Z launchapp-nextjs: healthy
2026-03-23T21:55:00Z launchapp-nuxt: healthy
2026-03-23T21:55:00Z launchapp-sveltekit: healthy
2026-03-23T21:55:00Z design-system: healthy
2026-03-23T21:55:00Z discord-bot-saas: healthy
2026-03-23T21:55:00Z launchapp-lite: healthy
2026-03-23T21:55:00Z saas-template-launch-app-test: healthy
2026-03-23T22:00:01Z ao-cli: healthy
2026-03-23T22:00:01Z brain: healthy
2026-03-23T22:00:01Z ao-docs: healthy
2026-03-23T22:00:01Z ao-skill-devops: healthy
2026-03-23T22:00:01Z ao-skill-security: healthy
2026-03-23T22:00:01Z ao-skill-testing: healthy
2026-03-23T22:00:01Z ao-starter: healthy
2026-03-23T22:00:01Z launchapp-nextjs: healthy
2026-03-23T22:00:01Z launchapp-nuxt: healthy
2026-03-23T22:00:01Z launchapp-sveltekit: healthy
2026-03-23T22:00:01Z design-system: healthy
2026-03-23T22:00:01Z discord-bot-saas: healthy
2026-03-23T22:00:01Z launchapp-lite: healthy
2026-03-23T22:00:01Z saas-template-launch-app-test: healthy
2026-03-23T22:05:05Z ao-cli: healthy
2026-03-23T22:05:05Z brain: healthy
2026-03-23T22:05:05Z ao-docs: healthy
2026-03-23T22:05:05Z ao-skill-devops: healthy
2026-03-23T22:05:05Z ao-skill-security: healthy
2026-03-23T22:05:05Z ao-skill-testing: healthy
2026-03-23T22:05:05Z ao-starter: healthy
2026-03-23T22:05:05Z launchapp-nextjs: healthy
2026-03-23T22:05:05Z launchapp-nuxt: healthy
2026-03-23T22:05:05Z launchapp-sveltekit: healthy
2026-03-23T22:05:05Z design-system: healthy
2026-03-23T22:05:05Z discord-bot-saas: healthy
2026-03-23T22:05:05Z launchapp-lite: healthy
2026-03-23T22:05:05Z saas-template-launch-app-test: healthy
2026-03-23T22:10:00Z ao-cli: healthy
2026-03-23T22:10:00Z brain: healthy
2026-03-23T22:10:00Z ao-docs: healthy
2026-03-23T22:10:00Z ao-skill-devops: healthy
2026-03-23T22:10:00Z ao-skill-security: healthy
2026-03-23T22:10:00Z ao-skill-testing: healthy
2026-03-23T22:10:00Z ao-starter: healthy
2026-03-23T22:10:00Z launchapp-nextjs: healthy
2026-03-23T22:10:00Z launchapp-nuxt: healthy
2026-03-23T22:10:00Z launchapp-sveltekit: healthy
2026-03-23T22:10:00Z design-system: healthy
2026-03-23T22:10:00Z discord-bot-saas: healthy
2026-03-23T22:10:00Z launchapp-lite: healthy
2026-03-23T22:10:00Z saas-template-launch-app-test: healthy
2026-03-23T22:15:00Z ao-cli: healthy
2026-03-23T22:15:00Z brain: healthy
2026-03-23T22:15:00Z ao-docs: healthy
2026-03-23T22:15:00Z ao-skill-devops: healthy
2026-03-23T22:15:00Z ao-skill-security: healthy
2026-03-23T22:15:00Z ao-skill-testing: healthy
2026-03-23T22:15:00Z ao-starter: healthy
2026-03-23T22:15:00Z launchapp-nextjs: healthy
2026-03-23T22:15:00Z launchapp-nuxt: healthy
2026-03-23T22:15:00Z launchapp-sveltekit: healthy
2026-03-23T22:15:00Z design-system: healthy
2026-03-23T22:15:00Z discord-bot-saas: healthy
2026-03-23T22:15:00Z launchapp-lite: healthy
2026-03-23T22:15:00Z saas-template-launch-app-test: healthy
2026-03-23T22:20:00Z ao-cli: healthy
2026-03-23T22:20:00Z brain: healthy
2026-03-23T22:20:00Z ao-docs: healthy
2026-03-23T22:20:00Z ao-skill-devops: healthy
2026-03-23T22:20:00Z ao-skill-security: healthy
2026-03-23T22:20:00Z ao-skill-testing: healthy
2026-03-23T22:20:00Z ao-starter: healthy
2026-03-23T22:20:00Z launchapp-nextjs: healthy
2026-03-23T22:20:00Z launchapp-nuxt: healthy
2026-03-23T22:20:00Z launchapp-sveltekit: healthy
2026-03-23T22:20:00Z design-system: healthy
2026-03-23T22:20:00Z discord-bot-saas: healthy
2026-03-23T22:20:00Z launchapp-lite: healthy
2026-03-23T22:20:00Z saas-template-launch-app-test: healthy
2026-03-23T22:25:01Z ao-cli: healthy
2026-03-23T22:25:01Z brain: healthy
2026-03-23T22:25:01Z ao-docs: healthy
2026-03-23T22:25:01Z ao-skill-devops: healthy
2026-03-23T22:25:01Z ao-skill-security: healthy
2026-03-23T22:25:01Z ao-skill-testing: healthy
2026-03-23T22:25:01Z ao-starter: healthy
2026-03-23T22:25:01Z launchapp-nextjs: healthy
2026-03-23T22:25:01Z launchapp-nuxt: healthy
2026-03-23T22:25:01Z launchapp-sveltekit: healthy
2026-03-23T22:25:01Z design-system: healthy
2026-03-23T22:25:01Z discord-bot-saas: healthy
2026-03-23T22:25:01Z launchapp-lite: healthy
2026-03-23T22:25:01Z saas-template-launch-app-test: healthy
2026-03-23T22:30:01Z ao-cli: healthy
2026-03-23T22:30:01Z brain: healthy
2026-03-23T22:30:01Z ao-docs: healthy
2026-03-23T22:30:01Z ao-skill-devops: healthy
2026-03-23T22:30:01Z ao-skill-security: healthy
2026-03-23T22:30:01Z ao-skill-testing: healthy
2026-03-23T22:30:01Z ao-starter: healthy
2026-03-23T22:30:01Z launchapp-nextjs: healthy
2026-03-23T22:30:01Z launchapp-nuxt: healthy
2026-03-23T22:30:01Z launchapp-sveltekit: healthy
2026-03-23T22:30:01Z design-system: healthy
2026-03-23T22:30:01Z discord-bot-saas: healthy
2026-03-23T22:30:01Z launchapp-lite: healthy
2026-03-23T22:30:01Z saas-template-launch-app-test: healthy
2026-03-23T22:35:01Z ao-cli: healthy
2026-03-23T22:35:01Z brain: healthy
2026-03-23T22:35:01Z ao-docs: healthy
2026-03-23T22:35:01Z ao-skill-devops: healthy
2026-03-23T22:35:01Z ao-skill-security: healthy
2026-03-23T22:35:01Z ao-skill-testing: healthy
2026-03-23T22:35:01Z ao-starter: healthy
2026-03-23T22:35:01Z launchapp-nextjs: healthy
2026-03-23T22:35:01Z launchapp-nuxt: healthy
2026-03-23T22:35:01Z launchapp-sveltekit: healthy
2026-03-23T22:35:01Z design-system: healthy
2026-03-23T22:35:01Z discord-bot-saas: healthy
2026-03-23T22:35:01Z launchapp-lite: healthy
2026-03-23T22:35:01Z saas-template-launch-app-test: healthy
2026-03-23T22:40:00Z ao-cli: healthy
2026-03-23T22:40:00Z brain: healthy
2026-03-23T22:40:00Z ao-docs: healthy
2026-03-23T22:40:00Z ao-skill-devops: healthy
2026-03-23T22:40:00Z ao-skill-security: healthy
2026-03-23T22:40:00Z ao-skill-testing: healthy
2026-03-23T22:40:00Z ao-starter: healthy
2026-03-23T22:40:00Z launchapp-nextjs: healthy
2026-03-23T22:40:00Z launchapp-nuxt: healthy
2026-03-23T22:40:00Z launchapp-sveltekit: healthy
2026-03-23T22:40:00Z design-system: healthy
2026-03-23T22:40:00Z discord-bot-saas: healthy
2026-03-23T22:40:00Z launchapp-lite: healthy
2026-03-23T22:40:00Z saas-template-launch-app-test: healthy
2026-03-23T22:45:00Z ao-cli: healthy
2026-03-23T22:45:00Z brain: healthy
2026-03-23T22:45:00Z ao-docs: healthy
2026-03-23T22:45:00Z ao-skill-devops: healthy
2026-03-23T22:45:00Z ao-skill-security: healthy
2026-03-23T22:45:00Z ao-skill-testing: healthy
2026-03-23T22:45:00Z ao-starter: healthy
2026-03-23T22:45:00Z launchapp-nextjs: healthy
2026-03-23T22:45:00Z launchapp-nuxt: healthy
2026-03-23T22:45:00Z launchapp-sveltekit: healthy
2026-03-23T22:45:00Z design-system: healthy
2026-03-23T22:45:00Z discord-bot-saas: healthy
2026-03-23T22:45:00Z launchapp-lite: healthy
2026-03-23T22:45:00Z saas-template-launch-app-test: healthy
2026-03-23T22:50:00Z ao-cli: healthy
2026-03-23T22:50:00Z brain: healthy
2026-03-23T22:50:00Z ao-docs: healthy
2026-03-23T22:50:00Z ao-skill-devops: healthy
2026-03-23T22:50:00Z ao-skill-security: healthy
2026-03-23T22:50:00Z ao-skill-testing: healthy
2026-03-23T22:50:00Z ao-starter: healthy
2026-03-23T22:50:00Z launchapp-nextjs: healthy
2026-03-23T22:50:00Z launchapp-nuxt: healthy
2026-03-23T22:50:00Z launchapp-sveltekit: healthy
2026-03-23T22:50:00Z design-system: healthy
2026-03-23T22:50:00Z discord-bot-saas: healthy
2026-03-23T22:50:00Z launchapp-lite: healthy
2026-03-23T22:50:00Z saas-template-launch-app-test: healthy
2026-03-23T22:55:00Z ao-cli: healthy
2026-03-23T22:55:00Z brain: healthy
2026-03-23T22:55:00Z ao-docs: healthy
2026-03-23T22:55:00Z ao-skill-devops: healthy
2026-03-23T22:55:00Z ao-skill-security: healthy
2026-03-23T22:55:00Z ao-skill-testing: healthy
2026-03-23T22:55:00Z ao-starter: healthy
2026-03-23T22:55:00Z launchapp-nextjs: healthy
2026-03-23T22:55:00Z launchapp-nuxt: healthy
2026-03-23T22:55:00Z launchapp-sveltekit: healthy
2026-03-23T22:55:00Z design-system: healthy
2026-03-23T22:55:00Z discord-bot-saas: healthy
2026-03-23T22:55:00Z launchapp-lite: healthy
2026-03-23T22:55:00Z saas-template-launch-app-test: healthy
2026-03-23T23:00:00Z ao-cli: healthy
2026-03-23T23:00:00Z brain: healthy
2026-03-23T23:00:00Z ao-docs: healthy
2026-03-23T23:00:00Z ao-skill-devops: healthy
2026-03-23T23:00:00Z ao-skill-security: healthy
2026-03-23T23:00:00Z ao-skill-testing: healthy
2026-03-23T23:00:00Z ao-starter: healthy
2026-03-23T23:00:00Z launchapp-nextjs: healthy
2026-03-23T23:00:00Z launchapp-nuxt: healthy
2026-03-23T23:00:00Z launchapp-sveltekit: healthy
2026-03-23T23:00:00Z design-system: healthy
2026-03-23T23:00:00Z discord-bot-saas: healthy
2026-03-23T23:00:00Z launchapp-lite: healthy
2026-03-23T23:00:00Z saas-template-launch-app-test: healthy
2026-03-23T23:05:01Z ao-cli: healthy
2026-03-23T23:05:01Z brain: healthy
2026-03-23T23:05:01Z ao-docs: healthy
2026-03-23T23:05:01Z ao-skill-devops: healthy
2026-03-23T23:05:01Z ao-skill-security: healthy
2026-03-23T23:05:01Z ao-skill-testing: healthy
2026-03-23T23:05:01Z ao-starter: healthy
2026-03-23T23:05:01Z launchapp-nextjs: healthy
2026-03-23T23:05:01Z launchapp-nuxt: healthy
2026-03-23T23:05:01Z launchapp-sveltekit: healthy
2026-03-23T23:05:01Z design-system: healthy
2026-03-23T23:05:01Z discord-bot-saas: healthy
2026-03-23T23:05:01Z launchapp-lite: healthy
2026-03-23T23:05:01Z saas-template-launch-app-test: healthy
2026-03-23T23:10:00Z ao-cli: healthy
2026-03-23T23:10:00Z brain: healthy
2026-03-23T23:10:00Z ao-docs: healthy
2026-03-23T23:10:00Z ao-skill-devops: healthy
2026-03-23T23:10:00Z ao-skill-security: healthy
2026-03-23T23:10:00Z ao-skill-testing: healthy
2026-03-23T23:10:00Z ao-starter: healthy
2026-03-23T23:10:00Z launchapp-nextjs: healthy
2026-03-23T23:10:00Z launchapp-nuxt: healthy
2026-03-23T23:10:00Z launchapp-sveltekit: healthy
2026-03-23T23:10:00Z design-system: healthy
2026-03-23T23:10:00Z discord-bot-saas: healthy
2026-03-23T23:10:00Z launchapp-lite: healthy
2026-03-23T23:10:00Z saas-template-launch-app-test: healthy
2026-03-23T23:15:02Z ao-cli: healthy
2026-03-23T23:15:02Z brain: healthy
2026-03-23T23:15:02Z ao-docs: healthy
2026-03-23T23:15:02Z ao-skill-devops: healthy
2026-03-23T23:15:02Z ao-skill-security: healthy
2026-03-23T23:15:02Z ao-skill-testing: healthy
2026-03-23T23:15:02Z ao-starter: healthy
2026-03-23T23:15:02Z launchapp-nextjs: healthy
2026-03-23T23:15:02Z launchapp-nuxt: healthy
2026-03-23T23:15:02Z launchapp-sveltekit: healthy
2026-03-23T23:15:02Z design-system: healthy
2026-03-23T23:15:02Z discord-bot-saas: healthy
2026-03-23T23:15:02Z launchapp-lite: healthy
2026-03-23T23:15:02Z saas-template-launch-app-test: healthy
2026-03-23T23:20:01Z ao-cli: healthy
2026-03-23T23:20:01Z brain: healthy
2026-03-23T23:20:01Z ao-docs: healthy
2026-03-23T23:20:01Z ao-skill-devops: healthy
2026-03-23T23:20:01Z ao-skill-security: healthy
2026-03-23T23:20:01Z ao-skill-testing: healthy
2026-03-23T23:20:01Z ao-starter: healthy
2026-03-23T23:20:01Z launchapp-nextjs: healthy
2026-03-23T23:20:01Z launchapp-nuxt: healthy
2026-03-23T23:20:01Z launchapp-sveltekit: healthy
2026-03-23T23:20:01Z design-system: healthy
2026-03-23T23:20:01Z discord-bot-saas: healthy
2026-03-23T23:20:01Z launchapp-lite: healthy
2026-03-23T23:20:01Z saas-template-launch-app-test: healthy
2026-03-23T23:25:01Z ao-cli: healthy
2026-03-23T23:25:01Z brain: healthy
2026-03-23T23:25:01Z ao-docs: healthy
2026-03-23T23:25:01Z ao-skill-devops: healthy
2026-03-23T23:25:01Z ao-skill-security: healthy
2026-03-23T23:25:01Z ao-skill-testing: healthy
2026-03-23T23:25:01Z ao-starter: healthy
2026-03-23T23:25:01Z launchapp-nextjs: healthy
2026-03-23T23:25:01Z launchapp-nuxt: healthy
2026-03-23T23:25:01Z launchapp-sveltekit: healthy
2026-03-23T23:25:01Z design-system: healthy
2026-03-23T23:25:01Z discord-bot-saas: healthy
2026-03-23T23:25:01Z launchapp-lite: healthy
2026-03-23T23:25:01Z saas-template-launch-app-test: healthy
2026-03-23T23:30:00Z ao-cli: healthy
2026-03-23T23:30:00Z brain: healthy
2026-03-23T23:30:00Z ao-docs: healthy
2026-03-23T23:30:00Z ao-skill-devops: healthy
2026-03-23T23:30:00Z ao-skill-security: healthy
2026-03-23T23:30:00Z ao-skill-testing: healthy
2026-03-23T23:30:00Z ao-starter: healthy
2026-03-23T23:30:00Z launchapp-nextjs: healthy
2026-03-23T23:30:00Z launchapp-nuxt: healthy
2026-03-23T23:30:00Z launchapp-sveltekit: healthy
2026-03-23T23:30:00Z design-system: healthy
2026-03-23T23:30:00Z discord-bot-saas: healthy
2026-03-23T23:30:00Z launchapp-lite: healthy
2026-03-23T23:30:00Z saas-template-launch-app-test: healthy
2026-03-23T23:35:00Z ao-cli: healthy
2026-03-23T23:35:00Z brain: healthy
2026-03-23T23:35:00Z ao-docs: healthy
2026-03-23T23:35:00Z ao-skill-devops: healthy
2026-03-23T23:35:00Z ao-skill-security: healthy
2026-03-23T23:35:00Z ao-skill-testing: healthy
2026-03-23T23:35:00Z ao-starter: healthy
2026-03-23T23:35:00Z launchapp-nextjs: healthy
2026-03-23T23:35:00Z launchapp-nuxt: healthy
2026-03-23T23:35:00Z launchapp-sveltekit: healthy
2026-03-23T23:35:00Z design-system: healthy
2026-03-23T23:35:00Z discord-bot-saas: healthy
2026-03-23T23:35:00Z launchapp-lite: healthy
2026-03-23T23:35:00Z saas-template-launch-app-test: healthy
2026-03-23T23:40:00Z ao-cli: healthy
2026-03-23T23:40:00Z brain: healthy
2026-03-23T23:40:00Z ao-docs: healthy
2026-03-23T23:40:00Z ao-skill-devops: healthy
2026-03-23T23:40:00Z ao-skill-security: healthy
2026-03-23T23:40:00Z ao-skill-testing: healthy
2026-03-23T23:40:00Z ao-starter: healthy
2026-03-23T23:40:00Z launchapp-nextjs: healthy
2026-03-23T23:40:00Z launchapp-nuxt: healthy
2026-03-23T23:40:00Z launchapp-sveltekit: healthy
2026-03-23T23:40:00Z design-system: healthy
2026-03-23T23:40:00Z discord-bot-saas: healthy
2026-03-23T23:40:00Z launchapp-lite: healthy
2026-03-23T23:40:00Z saas-template-launch-app-test: healthy
2026-03-23T23:45:00Z ao-cli: healthy
2026-03-23T23:45:00Z brain: healthy
2026-03-23T23:45:00Z ao-docs: healthy
2026-03-23T23:45:00Z ao-skill-devops: healthy
2026-03-23T23:45:00Z ao-skill-security: healthy
2026-03-23T23:45:00Z ao-skill-testing: healthy
2026-03-23T23:45:00Z ao-starter: healthy
2026-03-23T23:45:00Z launchapp-nextjs: healthy
2026-03-23T23:45:00Z launchapp-nuxt: healthy
2026-03-23T23:45:00Z launchapp-sveltekit: healthy
2026-03-23T23:45:00Z design-system: healthy
2026-03-23T23:45:00Z discord-bot-saas: healthy
2026-03-23T23:45:00Z launchapp-lite: healthy
2026-03-23T23:45:00Z saas-template-launch-app-test: healthy
2026-03-23T23:50:00Z ao-cli: healthy
2026-03-23T23:50:00Z brain: healthy
2026-03-23T23:50:00Z ao-docs: healthy
2026-03-23T23:50:00Z ao-skill-devops: healthy
2026-03-23T23:50:00Z ao-skill-security: healthy
2026-03-23T23:50:00Z ao-skill-testing: healthy
2026-03-23T23:50:00Z ao-starter: healthy
2026-03-23T23:50:00Z launchapp-nextjs: healthy
2026-03-23T23:50:00Z launchapp-nuxt: healthy
2026-03-23T23:50:00Z launchapp-sveltekit: healthy
2026-03-23T23:50:00Z design-system: healthy
2026-03-23T23:50:00Z discord-bot-saas: healthy
2026-03-23T23:50:00Z launchapp-lite: healthy
2026-03-23T23:50:00Z saas-template-launch-app-test: healthy
2026-03-23T23:55:00Z ao-cli: healthy
2026-03-23T23:55:00Z brain: healthy
2026-03-23T23:55:00Z ao-docs: healthy
2026-03-23T23:55:00Z ao-skill-devops: healthy
2026-03-23T23:55:00Z ao-skill-security: healthy
2026-03-23T23:55:00Z ao-skill-testing: healthy
2026-03-23T23:55:00Z ao-starter: healthy
2026-03-23T23:55:00Z launchapp-nextjs: healthy
2026-03-23T23:55:00Z launchapp-nuxt: healthy
2026-03-23T23:55:00Z launchapp-sveltekit: healthy
2026-03-23T23:55:00Z design-system: healthy
2026-03-23T23:55:00Z discord-bot-saas: healthy
2026-03-23T23:55:00Z launchapp-lite: healthy
2026-03-23T23:55:00Z saas-template-launch-app-test: healthy
2026-03-24T00:00:01Z ao-cli: healthy
2026-03-24T00:00:01Z brain: healthy
2026-03-24T00:00:01Z ao-docs: healthy
2026-03-24T00:00:01Z ao-skill-devops: healthy
2026-03-24T00:00:01Z ao-skill-security: healthy
2026-03-24T00:00:01Z ao-skill-testing: healthy
2026-03-24T00:00:01Z ao-starter: healthy
2026-03-24T00:00:01Z launchapp-nextjs: healthy
2026-03-24T00:00:01Z launchapp-nuxt: healthy
2026-03-24T00:00:01Z launchapp-sveltekit: healthy
2026-03-24T00:00:01Z design-system: healthy
2026-03-24T00:00:01Z discord-bot-saas: healthy
2026-03-24T00:00:01Z launchapp-lite: healthy
2026-03-24T00:00:01Z saas-template-launch-app-test: healthy
2026-03-24T00:05:00Z ao-cli: healthy
2026-03-24T00:05:00Z brain: healthy
2026-03-24T00:05:00Z ao-docs: healthy
2026-03-24T00:05:00Z ao-skill-devops: healthy
2026-03-24T00:05:00Z ao-skill-security: healthy
2026-03-24T00:05:00Z ao-skill-testing: healthy
2026-03-24T00:05:00Z ao-starter: healthy
2026-03-24T00:05:00Z launchapp-nextjs: healthy
2026-03-24T00:05:00Z launchapp-nuxt: healthy
2026-03-24T00:05:00Z launchapp-sveltekit: healthy
2026-03-24T00:05:00Z design-system: healthy
2026-03-24T00:05:00Z discord-bot-saas: healthy
2026-03-24T00:05:00Z launchapp-lite: healthy
2026-03-24T00:05:00Z saas-template-launch-app-test: healthy
2026-03-24T00:10:01Z ao-cli: healthy
2026-03-24T00:10:01Z brain: healthy
2026-03-24T00:10:01Z ao-docs: healthy
2026-03-24T00:10:01Z ao-skill-devops: healthy
2026-03-24T00:10:01Z ao-skill-security: healthy
2026-03-24T00:10:01Z ao-skill-testing: healthy
2026-03-24T00:10:01Z ao-starter: healthy
2026-03-24T00:10:01Z launchapp-nextjs: healthy
2026-03-24T00:10:01Z launchapp-nuxt: healthy
2026-03-24T00:10:01Z launchapp-sveltekit: healthy
2026-03-24T00:15:01Z ao-cli: healthy
2026-03-24T00:10:01Z design-system: healthy
2026-03-24T00:10:01Z discord-bot-saas: healthy
2026-03-24T00:10:01Z launchapp-lite: healthy
2026-03-24T00:15:01Z brain: healthy
2026-03-24T00:15:01Z ao-docs: healthy
2026-03-24T00:10:01Z saas-template-launch-app-test: healthy
2026-03-24T00:15:01Z ao-skill-devops: healthy
2026-03-24T00:15:01Z ao-skill-security: healthy
2026-03-24T00:15:01Z ao-skill-testing: healthy
2026-03-24T00:15:01Z ao-starter: healthy
2026-03-24T00:15:01Z launchapp-nextjs: healthy
2026-03-24T00:15:01Z launchapp-nuxt: healthy
2026-03-24T00:15:01Z launchapp-sveltekit: healthy
2026-03-24T00:15:01Z design-system: healthy
2026-03-24T00:15:01Z discord-bot-saas: healthy
2026-03-24T00:15:01Z launchapp-lite: healthy
2026-03-24T00:20:00Z ao-cli: healthy
2026-03-24T00:15:01Z saas-template-launch-app-test: healthy
2026-03-24T00:20:00Z brain: healthy
2026-03-24T00:20:00Z ao-docs: healthy
2026-03-24T00:20:00Z ao-skill-devops: healthy
2026-03-24T00:20:00Z ao-skill-security: healthy
2026-03-24T00:20:00Z ao-skill-testing: healthy
2026-03-24T00:20:00Z ao-starter: healthy
2026-03-24T00:20:00Z launchapp-nextjs: healthy
2026-03-24T00:20:00Z launchapp-nuxt: healthy
2026-03-24T00:20:00Z launchapp-sveltekit: healthy
2026-03-24T00:25:01Z ao-cli: healthy
2026-03-24T00:20:00Z design-system: healthy
2026-03-24T00:25:01Z brain: healthy
2026-03-24T00:20:00Z discord-bot-saas: healthy
2026-03-24T00:25:01Z ao-docs: healthy
2026-03-24T00:20:00Z launchapp-lite: healthy
2026-03-24T00:25:01Z ao-skill-devops: healthy
2026-03-24T00:20:00Z saas-template-launch-app-test: healthy
2026-03-24T00:25:01Z ao-skill-security: healthy
2026-03-24T00:25:01Z ao-skill-testing: healthy
2026-03-24T00:25:01Z ao-starter: healthy
2026-03-24T00:25:01Z launchapp-nextjs: healthy
2026-03-24T00:25:01Z launchapp-nuxt: crashed — restarting
2026-03-24T00:25:01Z launchapp-nuxt: restart result=running
2026-03-24T00:30:01Z ao-cli: healthy
2026-03-24T00:25:01Z launchapp-sveltekit: crashed — restarting
2026-03-24T00:30:01Z brain: healthy
2026-03-24T00:30:01Z ao-docs: healthy
2026-03-24T00:30:01Z ao-skill-devops: healthy
2026-03-24T00:30:01Z ao-skill-security: healthy
2026-03-24T00:30:01Z ao-skill-testing: healthy
2026-03-24T00:30:01Z ao-starter: healthy
2026-03-24T00:25:01Z launchapp-sveltekit: restart result=running
2026-03-24T00:35:00Z ao-cli: healthy
2026-03-24T00:30:01Z launchapp-nextjs: healthy
2026-03-24T00:25:01Z design-system: healthy
2026-03-24T00:30:01Z launchapp-nuxt: healthy
2026-03-24T00:25:01Z discord-bot-saas: healthy
2026-03-24T00:35:00Z brain: healthy
2026-03-24T00:35:00Z ao-docs: healthy
2026-03-24T00:25:01Z launchapp-lite: healthy
2026-03-24T00:35:00Z ao-skill-devops: healthy
2026-03-24T00:30:01Z launchapp-sveltekit: healthy
2026-03-24T00:25:01Z saas-template-launch-app-test: healthy
2026-03-24T00:35:00Z ao-skill-security: healthy
