[2026-03-24T14:46:06Z] pr-sweep-start
[2026-03-24T15:40:05Z] pr-sweep-cycle open_prs=0 done_tasks=17 ready_tasks=2 backlog_tasks=323

[2026-03-24T15:40:30Z] pr-sweep-complete no_action_required
[2026-03-24T15:45:00Z] task-reconciliation task=TASK-640 issue=no_merged_pr action=reopen+ready status=done→backlog→ready resolved=true
[2026-03-24T15:09:05Z] pr-sweep-cycle open_prs=0 merged_pr_sync=TASK-617→done workflow=c4d0134f-0307-49d6-9044-9110f366d770
[2026-03-24T14:46:07Z] pr-sweep-cycle open_prs=0 done_tasks=17 backlog_tasks=326 ready_tasks=0
[2026-03-24T14:46:08Z] pr-sweep-complete

[2026-03-24T15:48:00Z] pr-sweep-cycle open_prs=0 done_tasks=16 backlog_tasks=326 ready_tasks=1
[2026-03-24T15:48:01Z] task-reconciliation task=TASK-640 issue=no_merged_pr action=status_reset done→ready
[2026-03-24T15:48:02Z] pr-sweep-complete

[2026-03-24T16:05:00Z] pr-sweep-cycle open_prs=0 done_tasks=16 ready_tasks=1 backlog_tasks=328
[2026-03-24T16:05:01Z] task-reconciliation done_tasks_verified=16 all_have_merged_prs=true
[2026-03-24T16:05:02Z] task-reconciliation backlog_ready_checked=329 no_merged_prs_found=true
[2026-03-24T16:05:03Z] pr-sweep-complete no_action_required

[2026-03-24T16:17:30Z] pr-sweep-cycle open_prs=0 done_tasks=19 ready_tasks=1 backlog_tasks=325
[2026-03-24T16:17:31Z] task-reconciliation task=TASK-628 merged_pr=#104 status=blocked→ready→in-progress→done workflow=quality-audit
[2026-03-24T16:17:32Z] task-reconciliation task=TASK-616 merged_pr=#102 status=blocked→ready→in-progress→done workflow=quality-audit
[2026-03-24T16:17:33Z] task-reconciliation task=TASK-609 merged_pr=#101 status=blocked→ready→in-progress→done workflow=quality-audit
[2026-03-24T16:17:34Z] task-reconciliation task=TASK-646 merged_pr=#106 status=cancelled→needs-reopen note=work-complete-but-task-cancelled

[2026-03-24T16:40:00Z] pr-sweep-cycle open_prs=0 ao_system=unavailable skip_task_reconciliation=true reason=ao_daemon_socket_not_found
[2026-03-24T16:40:01Z] pr-sweep-complete no_action_required
